--------------------------------------------------------------------------------
Release 14.6 Trace  (nt64)
Copyright (c) 1995-2013 Xilinx, Inc.  All rights reserved.

C:\Xilinx\14.6\ISE_DS\ISE\bin\nt64\unwrapped\trce.exe -intstyle ise -v 3 -s 2
-n 3 -fastpaths -xml topmodul.twx topmodul.ncd -o topmodul.twr topmodul.pcf

Design file:              topmodul.ncd
Physical constraint file: topmodul.pcf
Device,package,speed:     xc6slx9,tqg144,C,-2 (PRODUCTION 1.23 2013-06-08)
Report level:             verbose report

Environment Variable      Effect 
--------------------      ------ 
NONE                      No environment variables were set
--------------------------------------------------------------------------------

INFO:Timing:2698 - No timing constraints found, doing default enumeration.
INFO:Timing:3412 - To improve timing, see the Timing Closure User Guide (UG612).
INFO:Timing:2752 - To get complete path coverage, use the unconstrained paths 
   option. All paths that are not constrained will be reported in the 
   unconstrained paths section(s) of the report.
INFO:Timing:3339 - The clock-to-out numbers in this timing report are based on 
   a 50 Ohm transmission line loading model.  For the details of this model, 
   and for more information on accounting for different loading conditions, 
   please see the device datasheet.



Data Sheet report:
-----------------
All values displayed in nanoseconds (ns)

Setup/Hold to clock clk
------------+------------+------------+------------+------------+------------------+--------+
            |Max Setup to|  Process   |Max Hold to |  Process   |                  | Clock  |
Source      | clk (edge) |   Corner   | clk (edge) |   Corner   |Internal Clock(s) | Phase  |
------------+------------+------------+------------+------------+------------------+--------+
Di2<0>      |    2.767(R)|      SLOW  |   -1.022(R)|      FAST  |clk_BUFGP         |   0.000|
Di2<1>      |    2.929(R)|      SLOW  |   -1.060(R)|      FAST  |clk_BUFGP         |   0.000|
Di2<2>      |    2.782(R)|      SLOW  |   -1.066(R)|      FAST  |clk_BUFGP         |   0.000|
Di2<3>      |    2.099(R)|      SLOW  |   -0.640(R)|      FAST  |clk_BUFGP         |   0.000|
Di2<4>      |    2.392(R)|      SLOW  |   -0.764(R)|      FAST  |clk_BUFGP         |   0.000|
Di2<5>      |    1.968(R)|      SLOW  |   -0.389(R)|      SLOW  |clk_BUFGP         |   0.000|
Di2<6>      |    2.060(R)|      SLOW  |   -0.470(R)|      SLOW  |clk_BUFGP         |   0.000|
Di2<7>      |    1.950(R)|      SLOW  |   -0.367(R)|      SLOW  |clk_BUFGP         |   0.000|
mem2        |    3.311(R)|      SLOW  |   -1.240(R)|      FAST  |clk_BUFGP         |   0.000|
rpi         |    2.642(R)|      SLOW  |   -0.868(R)|      FAST  |clk_BUFGP         |   0.000|
sram_data<0>|    1.119(R)|      SLOW  |    0.295(R)|      SLOW  |clk_BUFGP         |   0.000|
sram_data<1>|    2.086(R)|      SLOW  |   -0.528(R)|      FAST  |clk_BUFGP         |   0.000|
sram_data<2>|    1.520(R)|      SLOW  |   -0.086(R)|      SLOW  |clk_BUFGP         |   0.000|
sram_data<3>|    2.077(R)|      SLOW  |   -0.548(R)|      FAST  |clk_BUFGP         |   0.000|
sram_data<4>|    1.483(R)|      SLOW  |   -0.049(R)|      SLOW  |clk_BUFGP         |   0.000|
sram_data<5>|    1.426(R)|      SLOW  |    0.004(R)|      SLOW  |clk_BUFGP         |   0.000|
sram_data<6>|    1.309(R)|      SLOW  |    0.115(R)|      SLOW  |clk_BUFGP         |   0.000|
sram_data<7>|    1.564(R)|      SLOW  |   -0.125(R)|      SLOW  |clk_BUFGP         |   0.000|
vsync       |    3.433(R)|      SLOW  |   -1.281(R)|      FAST  |clk_BUFGP         |   0.000|
------------+------------+------------+------------+------------+------------------+--------+

Clock clk to Pad
------------+-----------------+------------+-----------------+------------+------------------+--------+
            |Max (slowest) clk|  Process   |Min (fastest) clk|  Process   |                  | Clock  |
Destination |  (edge) to PAD  |   Corner   |  (edge) to PAD  |   Corner   |Internal Clock(s) | Phase  |
------------+-----------------+------------+-----------------+------------+------------------+--------+
RWMEMLED2<0>|        11.933(R)|      SLOW  |         5.536(R)|      FAST  |clk_BUFGP         |   0.000|
RWMEMLED2<1>|        11.852(R)|      SLOW  |         5.519(R)|      FAST  |clk_BUFGP         |   0.000|
led2<0>     |        13.097(R)|      SLOW  |         6.288(R)|      FAST  |clk_BUFGP         |   0.000|
led2<1>     |        12.304(R)|      SLOW  |         5.826(R)|      FAST  |clk_BUFGP         |   0.000|
led2<2>     |        12.530(R)|      SLOW  |         5.941(R)|      FAST  |clk_BUFGP         |   0.000|
led2<3>     |        12.217(R)|      SLOW  |         5.694(R)|      FAST  |clk_BUFGP         |   0.000|
led2<4>     |        12.154(R)|      SLOW  |         5.662(R)|      FAST  |clk_BUFGP         |   0.000|
led2<5>     |        11.596(R)|      SLOW  |         5.367(R)|      FAST  |clk_BUFGP         |   0.000|
led2<6>     |        11.862(R)|      SLOW  |         5.497(R)|      FAST  |clk_BUFGP         |   0.000|
led2<7>     |        11.216(R)|      SLOW  |         5.094(R)|      FAST  |clk_BUFGP         |   0.000|
sram_Ce     |         9.859(R)|      SLOW  |         4.004(R)|      FAST  |clk_BUFGP         |   0.000|
sram_OE     |        10.152(R)|      SLOW  |         4.121(R)|      FAST  |clk_BUFGP         |   0.000|
sram_WE     |        10.222(R)|      SLOW  |         4.200(R)|      FAST  |clk_BUFGP         |   0.000|
sram_addr<0>|        10.408(R)|      SLOW  |         4.370(R)|      FAST  |clk_BUFGP         |   0.000|
sram_addr<1>|        10.077(R)|      SLOW  |         4.154(R)|      FAST  |clk_BUFGP         |   0.000|
sram_addr<2>|        10.233(R)|      SLOW  |         4.231(R)|      FAST  |clk_BUFGP         |   0.000|
sram_addr<3>|        10.300(R)|      SLOW  |         4.280(R)|      FAST  |clk_BUFGP         |   0.000|
sram_addr<4>|        10.148(R)|      SLOW  |         4.211(R)|      FAST  |clk_BUFGP         |   0.000|
sram_addr<5>|        10.566(R)|      SLOW  |         4.414(R)|      FAST  |clk_BUFGP         |   0.000|
sram_addr<6>|        10.784(R)|      SLOW  |         4.551(R)|      FAST  |clk_BUFGP         |   0.000|
sram_addr<7>|        10.549(R)|      SLOW  |         4.454(R)|      FAST  |clk_BUFGP         |   0.000|
sram_data<0>|         9.389(R)|      SLOW  |         3.385(R)|      FAST  |clk_BUFGP         |   0.000|
sram_data<1>|         9.347(R)|      SLOW  |         3.385(R)|      FAST  |clk_BUFGP         |   0.000|
sram_data<2>|         9.552(R)|      SLOW  |         3.378(R)|      FAST  |clk_BUFGP         |   0.000|
sram_data<3>|         9.347(R)|      SLOW  |         3.378(R)|      FAST  |clk_BUFGP         |   0.000|
sram_data<4>|         9.860(R)|      SLOW  |         3.614(R)|      FAST  |clk_BUFGP         |   0.000|
sram_data<5>|         9.469(R)|      SLOW  |         3.437(R)|      FAST  |clk_BUFGP         |   0.000|
sram_data<6>|         9.598(R)|      SLOW  |         3.541(R)|      FAST  |clk_BUFGP         |   0.000|
sram_data<7>|         9.393(R)|      SLOW  |         3.541(R)|      FAST  |clk_BUFGP         |   0.000|
------------+-----------------+------------+-----------------+------------+------------------+--------+

Clock to Setup on destination clock AD2
---------------+---------+---------+---------+---------+
               | Src:Rise| Src:Fall| Src:Rise| Src:Fall|
Source Clock   |Dest:Rise|Dest:Rise|Dest:Fall|Dest:Fall|
---------------+---------+---------+---------+---------+
clk            |         |         |   -0.139|         |
---------------+---------+---------+---------+---------+

Clock to Setup on destination clock clk
---------------+---------+---------+---------+---------+
               | Src:Rise| Src:Fall| Src:Rise| Src:Fall|
Source Clock   |Dest:Rise|Dest:Rise|Dest:Fall|Dest:Fall|
---------------+---------+---------+---------+---------+
AD2            |         |    7.729|         |         |
clk            |    5.510|         |         |         |
---------------+---------+---------+---------+---------+


Analysis completed Fri May 07 15:22:51 2021 
--------------------------------------------------------------------------------

Trace Settings:
-------------------------
Trace Settings 

Peak Memory Usage: 4571 MB



