Release 14.6 - xst P.68d (nt64)
Copyright (c) 1995-2013 Xilinx, Inc.  All rights reserved.
--> Parameter TMPDIR set to xst/projnav.tmp


Total REAL time to Xst completion: 0.00 secs
Total CPU time to Xst completion: 0.12 secs
 
--> Parameter xsthdpdir set to xst


Total REAL time to Xst completion: 0.00 secs
Total CPU time to Xst completion: 0.12 secs
 
--> Reading design: exram.prj

TABLE OF CONTENTS
  1) Synthesis Options Summary
  2) HDL Parsing
  3) HDL Elaboration
  4) HDL Synthesis
       4.1) HDL Synthesis Report
  5) Advanced HDL Synthesis
       5.1) Advanced HDL Synthesis Report
  6) Low Level Synthesis
  7) Partition Report
  8) Design Summary
       8.1) Primitive and Black Box Usage
       8.2) Device utilization summary
       8.3) Partition Resource Summary
       8.4) Timing Report
            8.4.1) Clock Information
            8.4.2) Asynchronous Control Signals Information
            8.4.3) Timing Summary
            8.4.4) Timing Details
            8.4.5) Cross Clock Domains Report


=========================================================================
*                      Synthesis Options Summary                        *
=========================================================================
---- Source Parameters
Input File Name                    : "exram.prj"
Ignore Synthesis Constraint File   : NO

---- Target Parameters
Output File Name                   : "exram"
Output Format                      : NGC
Target Device                      : xc6slx9-2-tqg144

---- Source Options
Top Module Name                    : exram
Automatic FSM Extraction           : YES
FSM Encoding Algorithm             : Auto
Safe Implementation                : No
FSM Style                          : LUT
RAM Extraction                     : Yes
RAM Style                          : Auto
ROM Extraction                     : Yes
Shift Register Extraction          : YES
ROM Style                          : Auto
Resource Sharing                   : YES
Asynchronous To Synchronous        : NO
Shift Register Minimum Size        : 2
Use DSP Block                      : Auto
Automatic Register Balancing       : No

---- Target Options
LUT Combining                      : Auto
Reduce Control Sets                : Auto
Add IO Buffers                     : YES
Global Maximum Fanout              : 100000
Add Generic Clock Buffer(BUFG)     : 16
Register Duplication               : YES
Optimize Instantiated Primitives   : NO
Use Clock Enable                   : Auto
Use Synchronous Set                : Auto
Use Synchronous Reset              : Auto
Pack IO Registers into IOBs        : Auto
Equivalent register Removal        : YES

---- General Options
Optimization Goal                  : Speed
Optimization Effort                : 1
Power Reduction                    : NO
Keep Hierarchy                     : No
Netlist Hierarchy                  : As_Optimized
RTL Output                         : Yes
Global Optimization                : AllClockNets
Read Cores                         : YES
Write Timing Constraints           : NO
Cross Clock Analysis               : NO
Hierarchy Separator                : /
Bus Delimiter                      : <>
Case Specifier                     : Maintain
Slice Utilization Ratio            : 100
BRAM Utilization Ratio             : 100
DSP48 Utilization Ratio            : 100
Auto BRAM Packing                  : NO
Slice Utilization Ratio Delta      : 5

---- Other Options
Cores Search Directories           : {"../../../../../../../../DesignLab-1.0.8/libraries/Benchy" "../../../../../../../../DesignLab-1.0.8/libraries/BitCoin_Miner" "../../../../../../../../DesignLab-1.0.8/libraries/Building_Blocks" "../../../../../../../../DesignLab-1.0.8/libraries/Clocks" "../../../../../../../../DesignLab-1.0.8/libraries/Gameduino" "../../../../../../../../DesignLab-1.0.8/libraries/HQVGA" "../../../../../../../../DesignLab-1.0.8/libraries/Papilio_Hardware" "../../../../../../../../DesignLab-1.0.8/libraries/RGB_Matrix" "../../../../../../../../DesignLab-1.0.8/libraries/Robot_Control_Library" "../../../../../../../../DesignLab-1.0.8/libraries/VGA_ZPUino" "../../../../../../../../DesignLab-1.0.8/libraries/VGA_ZXSpectrum" "../../../../../../../../DesignLab-1.0.8/libraries/ZPUino_2" "../../../../../../../../DesignLab-1.0.8/libraries/ZPUino_Wishbone_Peripherals"  }

=========================================================================


=========================================================================
*                          HDL Parsing                                  *
=========================================================================
Parsing VHDL file "C:\Users\jakob\OneDrive\Documents\DesignLab\Renskrevet_SRAM_03_05\circuit\exram.vhd" into library work
Parsing entity <exram>.
Parsing architecture <Behavioral> of entity <exram>.

=========================================================================
*                            HDL Elaboration                            *
=========================================================================

Elaborating entity <exram> (architecture <Behavioral>) from library <work>.

=========================================================================
*                           HDL Synthesis                               *
=========================================================================

Synthesizing Unit <exram>.
    Related source file is "C:\Users\jakob\OneDrive\Documents\DesignLab\Renskrevet_SRAM_03_05\circuit\exram.vhd".
    Found 2-bit register for signal <state_next>.
    Found 2-bit register for signal <state_reg>.
    Found 2-bit register for signal <RWMEMLED>.
    Found 1-bit register for signal <CS>.
    Found 1-bit register for signal <WEint>.
    Found 8-bit register for signal <DO>.
    Found 31-bit register for signal <cnt>.
    Found 31-bit adder for signal <cnt[30]_GND_6_o_add_4_OUT> created at line 52.
    Found 1-bit tristate buffer for signal <D<7>> created at line 43
    Found 1-bit tristate buffer for signal <D<6>> created at line 43
    Found 1-bit tristate buffer for signal <D<5>> created at line 43
    Found 1-bit tristate buffer for signal <D<4>> created at line 43
    Found 1-bit tristate buffer for signal <D<3>> created at line 43
    Found 1-bit tristate buffer for signal <D<2>> created at line 43
    Found 1-bit tristate buffer for signal <D<1>> created at line 43
    Found 1-bit tristate buffer for signal <D<0>> created at line 43
    Summary:
	inferred   1 Adder/Subtractor(s).
	inferred  47 D-type flip-flop(s).
	inferred   2 Multiplexer(s).
	inferred   8 Tristate(s).
Unit <exram> synthesized.

=========================================================================
HDL Synthesis Report

Macro Statistics
# Adders/Subtractors                                   : 1
 31-bit adder                                          : 1
# Registers                                            : 7
 1-bit register                                        : 2
 2-bit register                                        : 3
 31-bit register                                       : 1
 8-bit register                                        : 1
# Multiplexers                                         : 2
 1-bit 2-to-1 multiplexer                              : 1
 2-bit 2-to-1 multiplexer                              : 1
# Tristates                                            : 8
 1-bit tristate buffer                                 : 8

=========================================================================

=========================================================================
*                       Advanced HDL Synthesis                          *
=========================================================================


Synthesizing (advanced) Unit <exram>.
The following registers are absorbed into counter <cnt>: 1 register on signal <cnt>.
Unit <exram> synthesized (advanced).

=========================================================================
Advanced HDL Synthesis Report

Macro Statistics
# Counters                                             : 1
 31-bit up counter                                     : 1
# Registers                                            : 16
 Flip-Flops                                            : 16
# Multiplexers                                         : 2
 1-bit 2-to-1 multiplexer                              : 1
 2-bit 2-to-1 multiplexer                              : 1

=========================================================================

=========================================================================
*                         Low Level Synthesis                           *
=========================================================================
WARNING:Xst:2677 - Node <cnt_6> of sequential type is unconnected in block <exram>.
WARNING:Xst:2677 - Node <cnt_7> of sequential type is unconnected in block <exram>.
WARNING:Xst:2677 - Node <cnt_8> of sequential type is unconnected in block <exram>.
WARNING:Xst:2677 - Node <cnt_9> of sequential type is unconnected in block <exram>.
WARNING:Xst:2677 - Node <cnt_10> of sequential type is unconnected in block <exram>.
WARNING:Xst:2677 - Node <cnt_11> of sequential type is unconnected in block <exram>.
WARNING:Xst:2677 - Node <cnt_12> of sequential type is unconnected in block <exram>.
WARNING:Xst:2677 - Node <cnt_13> of sequential type is unconnected in block <exram>.
WARNING:Xst:2677 - Node <cnt_14> of sequential type is unconnected in block <exram>.
WARNING:Xst:2677 - Node <cnt_15> of sequential type is unconnected in block <exram>.
WARNING:Xst:2677 - Node <cnt_16> of sequential type is unconnected in block <exram>.
WARNING:Xst:2677 - Node <cnt_17> of sequential type is unconnected in block <exram>.
WARNING:Xst:2677 - Node <cnt_18> of sequential type is unconnected in block <exram>.
WARNING:Xst:2677 - Node <cnt_19> of sequential type is unconnected in block <exram>.
WARNING:Xst:2677 - Node <cnt_20> of sequential type is unconnected in block <exram>.
WARNING:Xst:2677 - Node <cnt_21> of sequential type is unconnected in block <exram>.
WARNING:Xst:2677 - Node <cnt_22> of sequential type is unconnected in block <exram>.
WARNING:Xst:2677 - Node <cnt_23> of sequential type is unconnected in block <exram>.
WARNING:Xst:2677 - Node <cnt_24> of sequential type is unconnected in block <exram>.
WARNING:Xst:2677 - Node <cnt_25> of sequential type is unconnected in block <exram>.
WARNING:Xst:2677 - Node <cnt_26> of sequential type is unconnected in block <exram>.
WARNING:Xst:2677 - Node <cnt_27> of sequential type is unconnected in block <exram>.
WARNING:Xst:2677 - Node <cnt_28> of sequential type is unconnected in block <exram>.
WARNING:Xst:2677 - Node <cnt_29> of sequential type is unconnected in block <exram>.
WARNING:Xst:2677 - Node <cnt_30> of sequential type is unconnected in block <exram>.
INFO:Xst:2261 - The FF/Latch <RWMEMLED_0> in Unit <exram> is equivalent to the following FF/Latch, which will be removed : <CS> 

Optimizing unit <exram> ...

Mapping all equations...
Building and optimizing final netlist ...
Found area constraint ratio of 100 (+ 5) on block exram, actual ratio is 0.

Final Macro Processing ...

=========================================================================
Final Register Report

Macro Statistics
# Registers                                            : 21
 Flip-Flops                                            : 21

=========================================================================

=========================================================================
*                           Partition Report                            *
=========================================================================

Partition Implementation Status
-------------------------------

  No Partitions were found in this design.

-------------------------------

=========================================================================
*                            Design Summary                             *
=========================================================================

Top Level Output File Name         : exram.ngc

Primitive and Black Box Usage:
------------------------------
# BELS                             : 36
#      GND                         : 1
#      INV                         : 3
#      LUT1                        : 5
#      LUT2                        : 4
#      LUT3                        : 11
#      MUXCY                       : 5
#      VCC                         : 1
#      XORCY                       : 6
# FlipFlops/Latches                : 21
#      FD                          : 11
#      FDE                         : 10
# Clock Buffers                    : 1
#      BUFGP                       : 1
# IO Buffers                       : 50
#      IBUF                        : 10
#      IOBUF                       : 8
#      OBUF                        : 32

Device utilization summary:
---------------------------

Selected Device : 6slx9tqg144-2 


Slice Logic Utilization: 
 Number of Slice Registers:              21  out of  11440     0%  
 Number of Slice LUTs:                   23  out of   5720     0%  
    Number used as Logic:                23  out of   5720     0%  

Slice Logic Distribution: 
 Number of LUT Flip Flop pairs used:     24
   Number with an unused Flip Flop:       3  out of     24    12%  
   Number with an unused LUT:             1  out of     24     4%  
   Number of fully used LUT-FF pairs:    20  out of     24    83%  
   Number of unique control sets:         4

IO Utilization: 
 Number of IOs:                          51
 Number of bonded IOBs:                  51  out of    102    50%  

Specific Feature Utilization:
 Number of BUFG/BUFGCTRLs:                1  out of     16     6%  

---------------------------
Partition Resource Summary:
---------------------------

  No Partitions were found in this design.

---------------------------


=========================================================================
Timing Report

NOTE: THESE TIMING NUMBERS ARE ONLY A SYNTHESIS ESTIMATE.
      FOR ACCURATE TIMING INFORMATION PLEASE REFER TO THE TRACE REPORT
      GENERATED AFTER PLACE-and-ROUTE.

Clock Information:
------------------
-----------------------------------+------------------------+-------+
Clock Signal                       | Clock buffer(FF name)  | Load  |
-----------------------------------+------------------------+-------+
cnt_5                              | NONE(DO_0)             | 13    |
clk                                | BUFGP                  | 8     |
-----------------------------------+------------------------+-------+
INFO:Xst:2169 - HDL ADVISOR - Some clock signals were not automatically buffered by XST with BUFG/BUFR resources. Please use the buffer_type constraint in order to insert these buffers to the clock signals to help prevent skew problems.

Asynchronous Control Signals Information:
----------------------------------------
No asynchronous control signals found in this design

Timing Summary:
---------------
Speed Grade: -2

   Minimum period: 2.934ns (Maximum Frequency: 340.832MHz)
   Minimum input arrival time before clock: 2.486ns
   Maximum output required time after clock: 5.411ns
   Maximum combinational path delay: 4.921ns

Timing Details:
---------------
All values displayed in nanoseconds (ns)

=========================================================================
Timing constraint: Default period analysis for Clock 'cnt_5'
  Clock period: 2.934ns (frequency: 340.832MHz)
  Total number of paths / destination ports: 38 / 23
-------------------------------------------------------------------------
Delay:               2.934ns (Levels of Logic = 1)
  Source:            state_reg_1 (FF)
  Destination:       DO_0 (FF)
  Source Clock:      cnt_5 rising
  Destination Clock: cnt_5 rising

  Data Path: state_reg_1 to DO_0
                                Gate     Net
    Cell:in->out      fanout   Delay   Delay  Logical Name (Net Name)
    ----------------------------------------  ------------
     FD:C->Q               7   0.525   0.909  state_reg_1 (state_reg_1)
     INV:I->O              8   0.255   0.943  _n0054<1>1_cepot_INV_0 (_n0054<1>1_cepot)
     FDE:CE                    0.302          DO_0
    ----------------------------------------
    Total                      2.934ns (1.082ns logic, 1.852ns route)
                                       (36.9% logic, 63.1% route)

=========================================================================
Timing constraint: Default period analysis for Clock 'clk'
  Clock period: 2.129ns (frequency: 469.704MHz)
  Total number of paths / destination ports: 21 / 6
-------------------------------------------------------------------------
Delay:               2.129ns (Levels of Logic = 2)
  Source:            cnt_5 (FF)
  Destination:       cnt_5 (FF)
  Source Clock:      clk rising
  Destination Clock: clk rising

  Data Path: cnt_5 to cnt_5
                                Gate     Net
    Cell:in->out      fanout   Delay   Delay  Logical Name (Net Name)
    ----------------------------------------  ------------
     FD:C->Q              14   0.525   1.127  cnt_5 (cnt_5)
     LUT1:I0->O            0   0.254   0.000  Mcount_cnt_xor<5>_rt (Mcount_cnt_xor<5>_rt)
     XORCY:LI->O           1   0.149   0.000  Mcount_cnt_xor<5> (Result<5>)
     FD:D                      0.074          cnt_5
    ----------------------------------------
    Total                      2.129ns (1.002ns logic, 1.127ns route)
                                       (47.1% logic, 52.9% route)

=========================================================================
Timing constraint: Default OFFSET IN BEFORE for Clock 'cnt_5'
  Total number of paths / destination ports: 8 / 8
-------------------------------------------------------------------------
Offset:              2.338ns (Levels of Logic = 2)
  Source:            Di<0> (PAD)
  Destination:       DO_0 (FF)
  Destination Clock: cnt_5 rising

  Data Path: Di<0> to DO_0
                                Gate     Net
    Cell:in->out      fanout   Delay   Delay  Logical Name (Net Name)
    ----------------------------------------  ------------
     IBUF:I->O             1   1.328   0.682  Di_0_IBUF (Di_0_IBUF)
     LUT3:I2->O            1   0.254   0.000  DO_0_dpot (DO_0_dpot)
     FDE:D                     0.074          DO_0
    ----------------------------------------
    Total                      2.338ns (1.656ns logic, 0.682ns route)
                                       (70.8% logic, 29.2% route)

=========================================================================
Timing constraint: Default OFFSET IN BEFORE for Clock 'clk'
  Total number of paths / destination ports: 4 / 2
-------------------------------------------------------------------------
Offset:              2.486ns (Levels of Logic = 2)
  Source:            rw (PAD)
  Destination:       state_next_0 (FF)
  Destination Clock: clk rising

  Data Path: rw to state_next_0
                                Gate     Net
    Cell:in->out      fanout   Delay   Delay  Logical Name (Net Name)
    ----------------------------------------  ------------
     IBUF:I->O             2   1.328   0.834  rw_IBUF (rw_IBUF)
     LUT2:I0->O            1   0.250   0.000  state_next_0_rstpot1 (state_next_0_rstpot1)
     FD:D                      0.074          state_next_0
    ----------------------------------------
    Total                      2.486ns (1.652ns logic, 0.834ns route)
                                       (66.5% logic, 33.5% route)

=========================================================================
Timing constraint: Default OFFSET OUT AFTER for Clock 'cnt_5'
  Total number of paths / destination ports: 21 / 13
-------------------------------------------------------------------------
Offset:              5.411ns (Levels of Logic = 2)
  Source:            WEint (FF)
  Destination:       OE (PAD)
  Source Clock:      cnt_5 rising

  Data Path: WEint to OE
                                Gate     Net
    Cell:in->out      fanout   Delay   Delay  Logical Name (Net Name)
    ----------------------------------------  ------------
     FD:C->Q              11   0.525   1.038  WEint (WEint)
     INV:I->O              1   0.255   0.681  OE1_INV_0 (OE_OBUF)
     OBUF:I->O                 2.912          OE_OBUF (OE)
    ----------------------------------------
    Total                      5.411ns (3.692ns logic, 1.719ns route)
                                       (68.2% logic, 31.8% route)

=========================================================================
Timing constraint: Default path analysis
  Total number of paths / destination ports: 8 / 8
-------------------------------------------------------------------------
Delay:               4.921ns (Levels of Logic = 2)
  Source:            D<7> (PAD)
  Destination:       led<7> (PAD)

  Data Path: D<7> to led<7>
                                Gate     Net
    Cell:in->out      fanout   Delay   Delay  Logical Name (Net Name)
    ----------------------------------------  ------------
     IOBUF:IO->O           1   1.328   0.681  D_7_IOBUF (led_7_OBUF)
     OBUF:I->O                 2.912          led_7_OBUF (led<7>)
    ----------------------------------------
    Total                      4.921ns (4.240ns logic, 0.681ns route)
                                       (86.2% logic, 13.8% route)

=========================================================================

Cross Clock Domains Report:
--------------------------

Clock to Setup on destination clock clk
---------------+---------+---------+---------+---------+
               | Src:Rise| Src:Fall| Src:Rise| Src:Fall|
Source Clock   |Dest:Rise|Dest:Rise|Dest:Fall|Dest:Fall|
---------------+---------+---------+---------+---------+
clk            |    2.129|         |         |         |
---------------+---------+---------+---------+---------+

Clock to Setup on destination clock cnt_5
---------------+---------+---------+---------+---------+
               | Src:Rise| Src:Fall| Src:Rise| Src:Fall|
Source Clock   |Dest:Rise|Dest:Rise|Dest:Fall|Dest:Fall|
---------------+---------+---------+---------+---------+
clk            |    1.744|         |         |         |
cnt_5          |    2.934|         |         |         |
---------------+---------+---------+---------+---------+

=========================================================================


Total REAL time to Xst completion: 5.00 secs
Total CPU time to Xst completion: 4.74 secs
 
--> 

Total memory usage is 4486180 kilobytes

Number of errors   :    0 (   0 filtered)
Number of warnings :   25 (   0 filtered)
Number of infos    :    2 (   0 filtered)

