Running: C:\Xilinx\14.6\ISE_DS\ISE\bin\nt64\unwrapped\fuse.exe -intstyle ise -incremental -lib secureip -o C:/Users/jakob/OneDrive/Documents/DesignLab/SRAM_1/circuit/DUO_LX9/sram_tb_isim_beh.exe -prj C:/Users/jakob/OneDrive/Documents/DesignLab/SRAM_1/circuit/DUO_LX9/sram_tb_beh.prj work.sram_tb 
ISim P.68d (signature 0x7708f090)
Number of CPUs detected in this system: 8
Turning on mult-threading, number of parallel sub-compilation jobs: 16 
Determining compilation order of HDL files
Parsing VHDL file "C:/Users/jakob/OneDrive/Documents/DesignLab/SRAM_1/circuit/DUO_LX9/../sramtester.vhd" into library work
Parsing VHDL file "C:/Users/jakob/OneDrive/Documents/DesignLab/SRAM_1/circuit/DUO_LX9/../sram_tb.vhd" into library work
Starting static elaboration
Completed static elaboration
Compiling package standard
Compiling package std_logic_1164
Compiling package std_logic_arith
Compiling package std_logic_unsigned
Compiling architecture behavioral of entity sramtester [sramtester_default]
Compiling architecture behavior of entity sram_tb
Time Resolution for simulation is 1ps.
WARNING:Simulator - Unable to copy libPortabilityNOSH.dll to the simulation executable directory: boost::filesystem::copy_file: Den angivne sti blev ikke fundet, "isim\sram_tb_isim_beh.exe.sim\libPortability.dll".
Compiled 7 VHDL Units
Built simulation executable C:/Users/jakob/OneDrive/Documents/DesignLab/SRAM_1/circuit/DUO_LX9/sram_tb_isim_beh.exe
Fuse Memory Usage: 34104 KB
Fuse CPU Usage: 468 ms
