Release 14.6 - xst P.68d (nt64)
Copyright (c) 1995-2013 Xilinx, Inc.  All rights reserved.
--> Parameter TMPDIR set to xst/projnav.tmp


Total REAL time to Xst completion: 0.00 secs
Total CPU time to Xst completion: 0.12 secs
 
--> Parameter xsthdpdir set to xst


Total REAL time to Xst completion: 0.00 secs
Total CPU time to Xst completion: 0.12 secs
 
--> Reading design: exram.prj

TABLE OF CONTENTS
  1) Synthesis Options Summary
  2) HDL Parsing
  3) HDL Elaboration
  4) HDL Synthesis
       4.1) HDL Synthesis Report
  5) Advanced HDL Synthesis
       5.1) Advanced HDL Synthesis Report
  6) Low Level Synthesis
  7) Partition Report
  8) Design Summary
       8.1) Primitive and Black Box Usage
       8.2) Device utilization summary
       8.3) Partition Resource Summary
       8.4) Timing Report
            8.4.1) Clock Information
            8.4.2) Asynchronous Control Signals Information
            8.4.3) Timing Summary
            8.4.4) Timing Details
            8.4.5) Cross Clock Domains Report


=========================================================================
*                      Synthesis Options Summary                        *
=========================================================================
---- Source Parameters
Input File Name                    : "exram.prj"
Ignore Synthesis Constraint File   : NO

---- Target Parameters
Output File Name                   : "exram"
Output Format                      : NGC
Target Device                      : xc6slx9-2-tqg144

---- Source Options
Top Module Name                    : exram
Automatic FSM Extraction           : YES
FSM Encoding Algorithm             : Auto
Safe Implementation                : No
FSM Style                          : LUT
RAM Extraction                     : Yes
RAM Style                          : Auto
ROM Extraction                     : Yes
Shift Register Extraction          : YES
ROM Style                          : Auto
Resource Sharing                   : YES
Asynchronous To Synchronous        : NO
Shift Register Minimum Size        : 2
Use DSP Block                      : Auto
Automatic Register Balancing       : No

---- Target Options
LUT Combining                      : Auto
Reduce Control Sets                : Auto
Add IO Buffers                     : YES
Global Maximum Fanout              : 100000
Add Generic Clock Buffer(BUFG)     : 16
Register Duplication               : YES
Optimize Instantiated Primitives   : NO
Use Clock Enable                   : Auto
Use Synchronous Set                : Auto
Use Synchronous Reset              : Auto
Pack IO Registers into IOBs        : Auto
Equivalent register Removal        : YES

---- General Options
Optimization Goal                  : Speed
Optimization Effort                : 1
Power Reduction                    : NO
Keep Hierarchy                     : No
Netlist Hierarchy                  : As_Optimized
RTL Output                         : Yes
Global Optimization                : AllClockNets
Read Cores                         : YES
Write Timing Constraints           : NO
Cross Clock Analysis               : NO
Hierarchy Separator                : /
Bus Delimiter                      : <>
Case Specifier                     : Maintain
Slice Utilization Ratio            : 100
BRAM Utilization Ratio             : 100
DSP48 Utilization Ratio            : 100
Auto BRAM Packing                  : NO
Slice Utilization Ratio Delta      : 5

---- Other Options
Cores Search Directories           : {"../../../../../../../../../DesignLab-1.0.8/libraries/Benchy" "../../../../../../../../../DesignLab-1.0.8/libraries/BitCoin_Miner" "../../../../../../../../../DesignLab-1.0.8/libraries/Building_Blocks" "../../../../../../../../../DesignLab-1.0.8/libraries/Clocks" "../../../../../../../../../DesignLab-1.0.8/libraries/Gameduino" "../../../../../../../../../DesignLab-1.0.8/libraries/HQVGA" "../../../../../../../../../DesignLab-1.0.8/libraries/Papilio_Hardware" "../../../../../../../../../DesignLab-1.0.8/libraries/RGB_Matrix" "../../../../../../../../../DesignLab-1.0.8/libraries/Robot_Control_Library" "../../../../../../../../../DesignLab-1.0.8/libraries/VGA_ZPUino" "../../../../../../../../../DesignLab-1.0.8/libraries/VGA_ZXSpectrum" "../../../../../../../../../DesignLab-1.0.8/libraries/ZPUino_2" "../../../../../../../../../DesignLab-1.0.8/libraries/ZPUino_Wishbone_Peripherals"  }

=========================================================================


=========================================================================
*                          HDL Parsing                                  *
=========================================================================
Parsing VHDL file "C:\Users\jakob\OneDrive\Documents\DesignLab\SRAM_29\_04\circuit\exram.vhd" into library work
Parsing entity <exram>.
Parsing architecture <Behavioral> of entity <exram>.

=========================================================================
*                            HDL Elaboration                            *
=========================================================================

Elaborating entity <exram> (architecture <Behavioral>) from library <work>.

=========================================================================
*                           HDL Synthesis                               *
=========================================================================

Synthesizing Unit <exram>.
    Related source file is "C:\Users\jakob\OneDrive\Documents\DesignLab\SRAM_29\_04\circuit\exram.vhd".
WARNING:Xst:647 - Input <mem> is never used. This port will be preserved and left unconnected if it belongs to a top-level block or it belongs to a sub-block and the hierarchy of this sub-block is preserved.
    Found 2-bit register for signal <state_next>.
    Found 2-bit register for signal <state_reg>.
    Found 2-bit register for signal <ADRI>.
    Found 1-bit register for signal <WEint>.
    Found 8-bit register for signal <DO>.
    Found 31-bit register for signal <cnt>.
    Found 31-bit adder for signal <cnt[30]_GND_6_o_add_4_OUT> created at line 62.
    Found 8-bit adder for signal <DO[7]_GND_6_o_add_9_OUT> created at line 101.
    Found 1-bit tristate buffer for signal <D<7>> created at line 56
    Found 1-bit tristate buffer for signal <D<6>> created at line 56
    Found 1-bit tristate buffer for signal <D<5>> created at line 56
    Found 1-bit tristate buffer for signal <D<4>> created at line 56
    Found 1-bit tristate buffer for signal <D<3>> created at line 56
    Found 1-bit tristate buffer for signal <D<2>> created at line 56
    Found 1-bit tristate buffer for signal <D<1>> created at line 56
    Found 1-bit tristate buffer for signal <D<0>> created at line 56
    Summary:
	inferred   2 Adder/Subtractor(s).
	inferred  46 D-type flip-flop(s).
	inferred   2 Multiplexer(s).
	inferred   8 Tristate(s).
Unit <exram> synthesized.

=========================================================================
HDL Synthesis Report

Macro Statistics
# Adders/Subtractors                                   : 2
 31-bit adder                                          : 1
 8-bit adder                                           : 1
# Registers                                            : 6
 1-bit register                                        : 1
 2-bit register                                        : 3
 31-bit register                                       : 1
 8-bit register                                        : 1
# Multiplexers                                         : 2
 2-bit 2-to-1 multiplexer                              : 2
# Tristates                                            : 8
 1-bit tristate buffer                                 : 8

=========================================================================

=========================================================================
*                       Advanced HDL Synthesis                          *
=========================================================================


Synthesizing (advanced) Unit <exram>.
The following registers are absorbed into counter <cnt>: 1 register on signal <cnt>.
The following registers are absorbed into counter <DO>: 1 register on signal <DO>.
Unit <exram> synthesized (advanced).

=========================================================================
Advanced HDL Synthesis Report

Macro Statistics
# Counters                                             : 2
 31-bit up counter                                     : 1
 8-bit up counter                                      : 1
# Registers                                            : 7
 Flip-Flops                                            : 7
# Multiplexers                                         : 2
 2-bit 2-to-1 multiplexer                              : 2

=========================================================================

=========================================================================
*                         Low Level Synthesis                           *
=========================================================================
WARNING:Xst:2677 - Node <cnt_26> of sequential type is unconnected in block <exram>.
WARNING:Xst:2677 - Node <cnt_27> of sequential type is unconnected in block <exram>.
WARNING:Xst:2677 - Node <cnt_28> of sequential type is unconnected in block <exram>.
WARNING:Xst:2677 - Node <cnt_29> of sequential type is unconnected in block <exram>.
WARNING:Xst:2677 - Node <cnt_30> of sequential type is unconnected in block <exram>.

Optimizing unit <exram> ...

Mapping all equations...
Building and optimizing final netlist ...
Found area constraint ratio of 100 (+ 5) on block exram, actual ratio is 0.

Final Macro Processing ...

=========================================================================
Final Register Report

Macro Statistics
# Registers                                            : 41
 Flip-Flops                                            : 41

=========================================================================

=========================================================================
*                           Partition Report                            *
=========================================================================

Partition Implementation Status
-------------------------------

  No Partitions were found in this design.

-------------------------------

=========================================================================
*                            Design Summary                             *
=========================================================================

Top Level Output File Name         : exram.ngc

Primitive and Black Box Usage:
------------------------------
# BELS                             : 117
#      GND                         : 1
#      INV                         : 4
#      LUT1                        : 32
#      LUT2                        : 4
#      LUT3                        : 9
#      MUXCY                       : 32
#      VCC                         : 1
#      XORCY                       : 34
# FlipFlops/Latches                : 41
#      FD                          : 31
#      FDE                         : 10
# Clock Buffers                    : 1
#      BUFGP                       : 1
# IO Buffers                       : 41
#      IBUF                        : 1
#      IOBUF                       : 7
#      OBUF                        : 32
#      OBUFT                       : 1

Device utilization summary:
---------------------------

Selected Device : 6slx9tqg144-2 


Slice Logic Utilization: 
 Number of Slice Registers:              41  out of  11440     0%  
 Number of Slice LUTs:                   49  out of   5720     0%  
    Number used as Logic:                49  out of   5720     0%  

Slice Logic Distribution: 
 Number of LUT Flip Flop pairs used:     50
   Number with an unused Flip Flop:       9  out of     50    18%  
   Number with an unused LUT:             1  out of     50     2%  
   Number of fully used LUT-FF pairs:    40  out of     50    80%  
   Number of unique control sets:         4

IO Utilization: 
 Number of IOs:                          45
 Number of bonded IOBs:                  42  out of    102    41%  

Specific Feature Utilization:
 Number of BUFG/BUFGCTRLs:                1  out of     16     6%  

---------------------------
Partition Resource Summary:
---------------------------

  No Partitions were found in this design.

---------------------------


=========================================================================
Timing Report

NOTE: THESE TIMING NUMBERS ARE ONLY A SYNTHESIS ESTIMATE.
      FOR ACCURATE TIMING INFORMATION PLEASE REFER TO THE TRACE REPORT
      GENERATED AFTER PLACE-and-ROUTE.

Clock Information:
------------------
-----------------------------------+------------------------+-------+
Clock Signal                       | Clock buffer(FF name)  | Load  |
-----------------------------------+------------------------+-------+
cnt_25                             | NONE(state_reg_0)      | 13    |
clk                                | BUFGP                  | 28    |
-----------------------------------+------------------------+-------+
INFO:Xst:2169 - HDL ADVISOR - Some clock signals were not automatically buffered by XST with BUFG/BUFR resources. Please use the buffer_type constraint in order to insert these buffers to the clock signals to help prevent skew problems.

Asynchronous Control Signals Information:
----------------------------------------
No asynchronous control signals found in this design

Timing Summary:
---------------
Speed Grade: -2

   Minimum period: 3.115ns (Maximum Frequency: 320.976MHz)
   Minimum input arrival time before clock: 3.063ns
   Maximum output required time after clock: 5.441ns
   Maximum combinational path delay: 4.921ns

Timing Details:
---------------
All values displayed in nanoseconds (ns)

=========================================================================
Timing constraint: Default period analysis for Clock 'cnt_25'
  Clock period: 3.115ns (frequency: 320.976MHz)
  Total number of paths / destination ports: 72 / 23
-------------------------------------------------------------------------
Delay:               3.115ns (Levels of Logic = 10)
  Source:            DO_0 (FF)
  Destination:       DO_7 (FF)
  Source Clock:      cnt_25 rising
  Destination Clock: cnt_25 rising

  Data Path: DO_0 to DO_7
                                Gate     Net
    Cell:in->out      fanout   Delay   Delay  Logical Name (Net Name)
    ----------------------------------------  ------------
     FDE:C->Q              3   0.525   0.765  DO_0 (DO_0)
     INV:I->O              1   0.255   0.000  Mcount_DO_lut<0>_INV_0 (Mcount_DO_lut<0>)
     MUXCY:S->O            1   0.215   0.000  Mcount_DO_cy<0> (Mcount_DO_cy<0>)
     MUXCY:CI->O           1   0.023   0.000  Mcount_DO_cy<1> (Mcount_DO_cy<1>)
     MUXCY:CI->O           1   0.023   0.000  Mcount_DO_cy<2> (Mcount_DO_cy<2>)
     MUXCY:CI->O           1   0.023   0.000  Mcount_DO_cy<3> (Mcount_DO_cy<3>)
     MUXCY:CI->O           1   0.023   0.000  Mcount_DO_cy<4> (Mcount_DO_cy<4>)
     MUXCY:CI->O           1   0.023   0.000  Mcount_DO_cy<5> (Mcount_DO_cy<5>)
     MUXCY:CI->O           0   0.023   0.000  Mcount_DO_cy<6> (Mcount_DO_cy<6>)
     XORCY:CI->O           1   0.206   0.682  Mcount_DO_xor<7> (Result<7>1)
     LUT3:I2->O            1   0.254   0.000  DO_7_dpot (DO_7_dpot)
     FDE:D                     0.074          DO_7
    ----------------------------------------
    Total                      3.115ns (1.668ns logic, 1.447ns route)
                                       (53.6% logic, 46.4% route)

=========================================================================
Timing constraint: Default period analysis for Clock 'clk'
  Clock period: 2.514ns (frequency: 397.772MHz)
  Total number of paths / destination ports: 351 / 26
-------------------------------------------------------------------------
Delay:               2.514ns (Levels of Logic = 27)
  Source:            cnt_0 (FF)
  Destination:       cnt_25 (FF)
  Source Clock:      clk rising
  Destination Clock: clk rising

  Data Path: cnt_0 to cnt_25
                                Gate     Net
    Cell:in->out      fanout   Delay   Delay  Logical Name (Net Name)
    ----------------------------------------  ------------
     FD:C->Q               1   0.525   0.681  cnt_0 (cnt_0)
     INV:I->O              1   0.255   0.000  Mcount_cnt_lut<0>_INV_0 (Mcount_cnt_lut<0>)
     MUXCY:S->O            1   0.215   0.000  Mcount_cnt_cy<0> (Mcount_cnt_cy<0>)
     MUXCY:CI->O           1   0.023   0.000  Mcount_cnt_cy<1> (Mcount_cnt_cy<1>)
     MUXCY:CI->O           1   0.023   0.000  Mcount_cnt_cy<2> (Mcount_cnt_cy<2>)
     MUXCY:CI->O           1   0.023   0.000  Mcount_cnt_cy<3> (Mcount_cnt_cy<3>)
     MUXCY:CI->O           1   0.023   0.000  Mcount_cnt_cy<4> (Mcount_cnt_cy<4>)
     MUXCY:CI->O           1   0.023   0.000  Mcount_cnt_cy<5> (Mcount_cnt_cy<5>)
     MUXCY:CI->O           1   0.023   0.000  Mcount_cnt_cy<6> (Mcount_cnt_cy<6>)
     MUXCY:CI->O           1   0.023   0.000  Mcount_cnt_cy<7> (Mcount_cnt_cy<7>)
     MUXCY:CI->O           1   0.023   0.000  Mcount_cnt_cy<8> (Mcount_cnt_cy<8>)
     MUXCY:CI->O           1   0.023   0.000  Mcount_cnt_cy<9> (Mcount_cnt_cy<9>)
     MUXCY:CI->O           1   0.023   0.000  Mcount_cnt_cy<10> (Mcount_cnt_cy<10>)
     MUXCY:CI->O           1   0.023   0.000  Mcount_cnt_cy<11> (Mcount_cnt_cy<11>)
     MUXCY:CI->O           1   0.023   0.000  Mcount_cnt_cy<12> (Mcount_cnt_cy<12>)
     MUXCY:CI->O           1   0.023   0.000  Mcount_cnt_cy<13> (Mcount_cnt_cy<13>)
     MUXCY:CI->O           1   0.023   0.000  Mcount_cnt_cy<14> (Mcount_cnt_cy<14>)
     MUXCY:CI->O           1   0.023   0.000  Mcount_cnt_cy<15> (Mcount_cnt_cy<15>)
     MUXCY:CI->O           1   0.023   0.000  Mcount_cnt_cy<16> (Mcount_cnt_cy<16>)
     MUXCY:CI->O           1   0.023   0.000  Mcount_cnt_cy<17> (Mcount_cnt_cy<17>)
     MUXCY:CI->O           1   0.023   0.000  Mcount_cnt_cy<18> (Mcount_cnt_cy<18>)
     MUXCY:CI->O           1   0.023   0.000  Mcount_cnt_cy<19> (Mcount_cnt_cy<19>)
     MUXCY:CI->O           1   0.023   0.000  Mcount_cnt_cy<20> (Mcount_cnt_cy<20>)
     MUXCY:CI->O           1   0.023   0.000  Mcount_cnt_cy<21> (Mcount_cnt_cy<21>)
     MUXCY:CI->O           1   0.023   0.000  Mcount_cnt_cy<22> (Mcount_cnt_cy<22>)
     MUXCY:CI->O           1   0.023   0.000  Mcount_cnt_cy<23> (Mcount_cnt_cy<23>)
     MUXCY:CI->O           0   0.023   0.000  Mcount_cnt_cy<24> (Mcount_cnt_cy<24>)
     XORCY:CI->O           1   0.206   0.000  Mcount_cnt_xor<25> (Result<25>)
     FD:D                      0.074          cnt_25
    ----------------------------------------
    Total                      2.514ns (1.833ns logic, 0.681ns route)
                                       (72.9% logic, 27.1% route)

=========================================================================
Timing constraint: Default OFFSET IN BEFORE for Clock 'clk'
  Total number of paths / destination ports: 2 / 2
-------------------------------------------------------------------------
Offset:              3.063ns (Levels of Logic = 2)
  Source:            rw (PAD)
  Destination:       state_next_0 (FF)
  Destination Clock: clk rising

  Data Path: rw to state_next_0
                                Gate     Net
    Cell:in->out      fanout   Delay   Delay  Logical Name (Net Name)
    ----------------------------------------  ------------
     IBUF:I->O             2   1.328   0.725  rw_IBUF (rw_IBUF)
     INV:I->O              1   0.255   0.681  state_next_0_rstpot1_INV_0 (state_next_0_rstpot1)
     FD:D                      0.074          state_next_0
    ----------------------------------------
    Total                      3.063ns (1.657ns logic, 1.406ns route)
                                       (54.1% logic, 45.9% route)

=========================================================================
Timing constraint: Default OFFSET OUT AFTER for Clock 'cnt_25'
  Total number of paths / destination ports: 21 / 13
-------------------------------------------------------------------------
Offset:              5.441ns (Levels of Logic = 2)
  Source:            WEint (FF)
  Destination:       OE (PAD)
  Source Clock:      cnt_25 rising

  Data Path: WEint to OE
                                Gate     Net
    Cell:in->out      fanout   Delay   Delay  Logical Name (Net Name)
    ----------------------------------------  ------------
     FD:C->Q              12   0.525   1.068  WEint (WEint)
     INV:I->O              1   0.255   0.681  OE1_INV_0 (OE_OBUF)
     OBUF:I->O                 2.912          OE_OBUF (OE)
    ----------------------------------------
    Total                      5.441ns (3.692ns logic, 1.749ns route)
                                       (67.9% logic, 32.1% route)

=========================================================================
Timing constraint: Default path analysis
  Total number of paths / destination ports: 7 / 7
-------------------------------------------------------------------------
Delay:               4.921ns (Levels of Logic = 2)
  Source:            D<6> (PAD)
  Destination:       led<6> (PAD)

  Data Path: D<6> to led<6>
                                Gate     Net
    Cell:in->out      fanout   Delay   Delay  Logical Name (Net Name)
    ----------------------------------------  ------------
     IOBUF:IO->O           1   1.328   0.681  D_6_IOBUF (led_6_OBUF)
     OBUF:I->O                 2.912          led_6_OBUF (led<6>)
    ----------------------------------------
    Total                      4.921ns (4.240ns logic, 0.681ns route)
                                       (86.2% logic, 13.8% route)

=========================================================================

Cross Clock Domains Report:
--------------------------

Clock to Setup on destination clock clk
---------------+---------+---------+---------+---------+
               | Src:Rise| Src:Fall| Src:Rise| Src:Fall|
Source Clock   |Dest:Rise|Dest:Rise|Dest:Fall|Dest:Fall|
---------------+---------+---------+---------+---------+
clk            |    2.514|         |         |         |
---------------+---------+---------+---------+---------+

Clock to Setup on destination clock cnt_25
---------------+---------+---------+---------+---------+
               | Src:Rise| Src:Fall| Src:Rise| Src:Fall|
Source Clock   |Dest:Rise|Dest:Rise|Dest:Fall|Dest:Fall|
---------------+---------+---------+---------+---------+
clk            |    1.639|         |         |         |
cnt_25         |    3.115|         |         |         |
---------------+---------+---------+---------+---------+

=========================================================================


Total REAL time to Xst completion: 5.00 secs
Total CPU time to Xst completion: 4.67 secs
 
--> 

Total memory usage is 4486180 kilobytes

Number of errors   :    0 (   0 filtered)
Number of warnings :    6 (   0 filtered)
Number of infos    :    1 (   0 filtered)

