Command line:
   sram_tb_isim_beh.exe
     -simmode  gui
     -simrunnum  0
     -socket  51840

Mon Apr 26 10:10:34 2021


 Elaboration Time: 0.15625 sec

 Current Memory Usage: 5962.99 Meg

 Total Signals          : 46
 Total Nets             : 230
 Total Signal Drivers   : 29
 Total Blocks           : 5
 Total Primitive Blocks : 4
 Total Processes        : 14
 Total Traceable Variables  : 11
 Total Scalar Nets and Variables : 609
Total Line Count : 65

 Total Simulation Time: 0.296875 sec

 Current Memory Usage: 5962.99 Meg

Mon Apr 26 10:11:20 2021

